<?xml version="1.0" encoding="UTF-8"?>
<!-- Generated by org.testng.reporters.JUnitReportReporter -->
<testsuite hostname="WS-RX-TEST039" failures="0" tests="2" name="com.TestNgPractice.TestngAnnotation" time="0.014" errors="0" timestamp="2025-10-22T19:10:41 IST" skipped="0">
  <testcase classname="com.TestNgPractice.TestngAnnotation" name="testCase1" time="0.008"/>
  <testcase classname="com.TestNgPractice.TestngAnnotation" name="testCase2" time="0.006"/>
</testsuite> <!-- com.TestNgPractice.TestngAnnotation -->
